2023-11-21 14:00:23,269 - INFO - Game started.
2023-11-21 14:00:41,818 - INFO - player X is human
2023-11-21 14:00:44,732 - INFO - player O is bot
2023-11-21 14:00:47,601 - INFO - Player X placed X at (1, 1).
2023-11-21 14:00:47,601 - INFO - Player O placed O at (2, 2).
2023-11-21 14:00:52,337 - INFO - Player X placed X at (2, 1).
2023-11-21 14:00:52,339 - INFO - Player O placed O at (2, 3).
2023-11-21 14:00:55,916 - INFO - Player X placed X at (1, 3).
2023-11-21 14:00:55,917 - INFO - Player O placed O at (3, 3).
2023-11-21 14:00:59,572 - INFO - Player X placed X at (1, 2).
2023-11-21 14:00:59,573 - INFO - Player X wins the game.
2023-11-21 14:00:59,575 - INFO - Game ended.
2023-11-21 16:20:00,671 - INFO - Game started.
2023-11-21 16:20:03,856 - INFO - player X is human
2023-11-21 16:20:05,320 - INFO - player O is bot
2023-11-21 16:20:30,021 - INFO - Game started.
2023-11-21 16:20:37,157 - INFO - player X is human
2023-11-21 16:20:38,215 - INFO - player O is bot
2023-11-21 16:20:40,049 - INFO - Player X placed X at (2, 2).
2023-11-21 16:20:40,049 - INFO - Player O placed O at (3, 1).
2023-11-21 16:20:44,021 - INFO - Player X placed X at (1, 1).
2023-11-21 16:20:44,022 - INFO - Player O placed O at (1, 3).
2023-11-21 16:27:38,358 - INFO - Game started.
2023-11-21 16:27:40,193 - INFO - player X is human
2023-11-21 16:27:41,092 - INFO - player O is bot
2023-11-21 16:27:42,150 - INFO - Player X placed X at (2, 2).
2023-11-21 16:27:42,151 - INFO - Player O placed O at (3, 3).
2023-11-21 16:27:43,939 - WARNING - Invalid input from the player.
2023-11-21 16:27:53,220 - WARNING - Invalid input from the player.
2023-11-21 16:27:56,135 - WARNING - Invalid input from the player.
2023-11-21 16:27:58,834 - INFO - Player X placed X at (1, 1).
2023-11-21 16:27:58,835 - INFO - Player O placed O at (1, 3).
2023-11-21 16:28:06,416 - INFO - Player X placed X at (3, 2).
2023-11-21 16:28:06,418 - INFO - Player O placed O at (2, 1).
2023-11-21 16:28:11,536 - INFO - Player X placed X at (1, 2).
2023-11-21 16:28:11,538 - INFO - Player X wins the game.
2023-11-21 16:28:11,538 - INFO - Game ended.
